Library/Bee/Android/Prj/IL2CPP/Gradle/launcher/build/intermediates/manifest_merge_blame_file/release/manifest-merger-blame-release-report.txt
1<?xml version="1.0" encoding="utf-8"?>
2<manifest xmlns:android="http://schemas.android.com/apk/res/android"
3    package="com.DefaultCompany.Stall_MarketVR"
4    android:installLocation="preferExternal"
5    android:versionCode="1"
6    android:versionName="0.1" >
7
8    <uses-sdk
9        android:minSdkVersion="26"
9-->src\main\AndroidManifest.xml
10        android:targetSdkVersion="33" />
10-->src\main\AndroidManifest.xml
11
12    <supports-screens
12-->src\main\AndroidManifest.xml:4:3-163
13        android:anyDensity="true"
13-->src\main\AndroidManifest.xml:4:135-160
14        android:largeScreens="true"
14-->src\main\AndroidManifest.xml:4:78-105
15        android:normalScreens="true"
15-->src\main\AndroidManifest.xml:4:49-77
16        android:smallScreens="true"
16-->src\main\AndroidManifest.xml:4:21-48
17        android:xlargeScreens="true" />
17-->src\main\AndroidManifest.xml:4:106-134
18
19    <uses-permission android:name="android.permission.INTERNET" />
19-->[:unityLibrary] AndroidManifest.xml:10:5-67
19-->[:unityLibrary] AndroidManifest.xml:10:22-64
20
21    <uses-feature
21-->[:unityLibrary] AndroidManifest.xml:12:5-54
22        android:glEsVersion="0x00030000"
22-->[:unityLibrary] AndroidManifest.xml:12:19-51
23        android:required="true" />
23-->[:GfxPluginCardboard:] AndroidManifest.xml:13:9-32
24    <uses-feature
24-->[:unityLibrary] AndroidManifest.xml:13:5-15:35
25        android:name="android.software.home_screen"
25-->[:unityLibrary] AndroidManifest.xml:14:9-52
26        android:required="true" />
26-->[:unityLibrary] AndroidManifest.xml:15:9-32
27    <uses-feature
27-->[:unityLibrary] AndroidManifest.xml:16:5-18:36
28        android:name="android.hardware.touchscreen"
28-->[:unityLibrary] AndroidManifest.xml:17:9-52
29        android:required="false" />
29-->[:unityLibrary] AndroidManifest.xml:18:9-33
30    <uses-feature
30-->[:unityLibrary] AndroidManifest.xml:19:5-21:36
31        android:name="android.hardware.touchscreen.multitouch"
31-->[:unityLibrary] AndroidManifest.xml:20:9-63
32        android:required="false" />
32-->[:unityLibrary] AndroidManifest.xml:21:9-33
33    <uses-feature
33-->[:unityLibrary] AndroidManifest.xml:22:5-24:36
34        android:name="android.hardware.touchscreen.multitouch.distinct"
34-->[:unityLibrary] AndroidManifest.xml:23:9-72
35        android:required="false" />
35-->[:unityLibrary] AndroidManifest.xml:24:9-33
36
37    <uses-permission android:name="android.permission.CAMERA" />
37-->[:GfxPluginCardboard:] AndroidManifest.xml:15:5-65
37-->[:GfxPluginCardboard:] AndroidManifest.xml:15:22-62
38    <uses-permission android:name="android.permission.WRITE_EXTERNAL_STORAGE" />
38-->[:GfxPluginCardboard:] AndroidManifest.xml:16:5-81
38-->[:GfxPluginCardboard:] AndroidManifest.xml:16:22-78
39    <uses-permission android:name="android.permission.NFC" />
39-->[:GfxPluginCardboard:] AndroidManifest.xml:18:5-62
39-->[:GfxPluginCardboard:] AndroidManifest.xml:18:22-59
40    <uses-permission android:name="android.permission.READ_EXTERNAL_STORAGE" />
41
42    <application
42-->src\main\AndroidManifest.xml:3:3-83
43        android:appComponentFactory="androidx.core.app.CoreComponentFactory"
43-->[androidx.core:core:1.7.0] AndroidManifest.xml:24:18-86
44        android:extractNativeLibs="true"
44-->[:unityLibrary] AndroidManifest.xml:26:18-50
45        android:icon="@mipmap/app_icon"
45-->src\main\AndroidManifest.xml:3:49-80
46        android:label="@string/app_name" >
46-->src\main\AndroidManifest.xml:3:16-48
47        <meta-data
47-->[:unityLibrary] AndroidManifest.xml:27:9-29:33
48            android:name="unity.splash-mode"
48-->[:unityLibrary] AndroidManifest.xml:28:13-45
49            android:value="0" />
49-->[:unityLibrary] AndroidManifest.xml:29:13-30
50        <meta-data
50-->[:unityLibrary] AndroidManifest.xml:30:9-32:36
51            android:name="unity.splash-enable"
51-->[:unityLibrary] AndroidManifest.xml:31:13-47
52            android:value="True" />
52-->[:unityLibrary] AndroidManifest.xml:32:13-33
53        <meta-data
53-->[:unityLibrary] AndroidManifest.xml:33:9-35:36
54            android:name="unity.launch-fullscreen"
54-->[:unityLibrary] AndroidManifest.xml:34:13-51
55            android:value="True" />
55-->[:unityLibrary] AndroidManifest.xml:35:13-33
56        <meta-data
56-->[:unityLibrary] AndroidManifest.xml:36:9-38:37
57            android:name="unity.allow-resizable-window"
57-->[:unityLibrary] AndroidManifest.xml:37:13-56
58            android:value="False" />
58-->[:unityLibrary] AndroidManifest.xml:38:13-34
59        <meta-data
59-->[:unityLibrary] AndroidManifest.xml:39:9-41:50
60            android:name="notch.config"
60-->[:unityLibrary] AndroidManifest.xml:40:13-40
61            android:value="portrait|landscape" />
61-->[:unityLibrary] AndroidManifest.xml:41:13-47
62        <meta-data
62-->[:unityLibrary] AndroidManifest.xml:42:9-44:36
63            android:name="unity.auto-report-fully-drawn"
63-->[:unityLibrary] AndroidManifest.xml:43:13-57
64            android:value="true" />
64-->[:unityLibrary] AndroidManifest.xml:44:13-33
65
66        <activity
66-->[:unityLibrary] AndroidManifest.xml:46:9-67:20
67            android:name="com.unity3d.player.UnityPlayerActivity"
67-->[:unityLibrary] AndroidManifest.xml:47:13-66
68            android:configChanges="mcc|mnc|locale|touchscreen|keyboard|keyboardHidden|navigation|orientation|screenLayout|uiMode|screenSize|smallestScreenSize|fontScale|layoutDirection|density"
68-->[:unityLibrary] AndroidManifest.xml:48:13-194
69            android:exported="true"
69-->[:unityLibrary] AndroidManifest.xml:49:13-36
70            android:hardwareAccelerated="false"
70-->[:unityLibrary] AndroidManifest.xml:50:13-48
71            android:launchMode="singleTask"
71-->[:unityLibrary] AndroidManifest.xml:51:13-44
72            android:resizeableActivity="false"
72-->[:unityLibrary] AndroidManifest.xml:52:13-47
73            android:screenOrientation="reverseLandscape"
73-->[:unityLibrary] AndroidManifest.xml:53:13-57
74            android:theme="@style/UnityThemeSelector" >
74-->[:unityLibrary] AndroidManifest.xml:54:13-54
75            <intent-filter>
75-->[:unityLibrary] AndroidManifest.xml:55:13-59:29
76                <category android:name="android.intent.category.LAUNCHER" />
76-->[:unityLibrary] AndroidManifest.xml:56:17-77
76-->[:unityLibrary] AndroidManifest.xml:56:27-74
77
78                <action android:name="android.intent.action.MAIN" />
78-->[:unityLibrary] AndroidManifest.xml:58:17-69
78-->[:unityLibrary] AndroidManifest.xml:58:25-66
79            </intent-filter>
80
81            <meta-data
81-->[:unityLibrary] AndroidManifest.xml:61:13-63:40
82                android:name="unityplayer.UnityActivity"
82-->[:unityLibrary] AndroidManifest.xml:62:17-57
83                android:value="true" />
83-->[:unityLibrary] AndroidManifest.xml:63:17-37
84            <meta-data
84-->[:unityLibrary] AndroidManifest.xml:64:13-66:40
85                android:name="notch_support"
85-->[:unityLibrary] AndroidManifest.xml:65:17-45
86                android:value="true" />
86-->[:unityLibrary] AndroidManifest.xml:66:17-37
87        </activity>
88        <activity
88-->[:GfxPluginCardboard:] AndroidManifest.xml:21:9-25:66
89            android:name="com.google.cardboard.sdk.QrCodeCaptureActivity"
89-->[:GfxPluginCardboard:] AndroidManifest.xml:22:13-74
90            android:exported="false"
90-->[:GfxPluginCardboard:] AndroidManifest.xml:23:13-37
91            android:label="@string/title_activity_qr_code_capture"
91-->[:GfxPluginCardboard:] AndroidManifest.xml:24:13-67
92            android:theme="@style/Theme.AppCompat.NoActionBar" />
92-->[:GfxPluginCardboard:] AndroidManifest.xml:25:13-63
93        <!--
94          Activity whose sole purpose is to update Cardboard device params when a Cardboard V1
95          NFC tag is detected.
96        -->
97        <activity
97-->[:GfxPluginCardboard:] AndroidManifest.xml:31:9-44:20
98            android:name="com.google.cardboard.sdk.HeadsetDetectionActivity"
98-->[:GfxPluginCardboard:] AndroidManifest.xml:32:13-77
99            android:exported="true"
99-->[:GfxPluginCardboard:] AndroidManifest.xml:33:13-36
100            android:label="@string/headset_detection_activity_title" >
100-->[:GfxPluginCardboard:] AndroidManifest.xml:34:13-69
101
102            <!-- Handles the Cardboard V1 NFC tag released at Google I/O 2014. -->
103            <intent-filter>
103-->[:GfxPluginCardboard:] AndroidManifest.xml:37:13-43:29
104                <action android:name="android.nfc.action.NDEF_DISCOVERED" />
104-->[:GfxPluginCardboard:] AndroidManifest.xml:38:17-77
104-->[:GfxPluginCardboard:] AndroidManifest.xml:38:25-74
105
106                <category android:name="android.intent.category.DEFAULT" />
106-->[:GfxPluginCardboard:] AndroidManifest.xml:40:17-76
106-->[:GfxPluginCardboard:] AndroidManifest.xml:40:27-73
107
108                <data android:scheme="cardboard" />
108-->[:GfxPluginCardboard:] AndroidManifest.xml:42:17-52
108-->[:GfxPluginCardboard:] AndroidManifest.xml:42:23-49
109            </intent-filter>
110        </activity>
111        <activity
111-->[com.google.android.gms:play-services-base:17.4.0] AndroidManifest.xml:23:9-26:75
112            android:name="com.google.android.gms.common.api.GoogleApiActivity"
112-->[com.google.android.gms:play-services-base:17.4.0] AndroidManifest.xml:24:13-79
113            android:exported="false"
113-->[com.google.android.gms:play-services-base:17.4.0] AndroidManifest.xml:25:13-37
114            android:theme="@android:style/Theme.Translucent.NoTitleBar" />
114-->[com.google.android.gms:play-services-base:17.4.0] AndroidManifest.xml:26:13-72
115
116        <meta-data
116-->[com.google.android.gms:play-services-basement:17.4.0] AndroidManifest.xml:23:9-25:69
117            android:name="com.google.android.gms.version"
117-->[com.google.android.gms:play-services-basement:17.4.0] AndroidManifest.xml:24:13-58
118            android:value="@integer/google_play_services_version" />
118-->[com.google.android.gms:play-services-basement:17.4.0] AndroidManifest.xml:25:13-66
119
120        <provider
120-->[androidx.emoji2:emoji2:1.0.0] AndroidManifest.xml:26:9-34:20
121            android:name="androidx.startup.InitializationProvider"
121-->[androidx.emoji2:emoji2:1.0.0] AndroidManifest.xml:27:13-67
122            android:authorities="com.DefaultCompany.Stall_MarketVR.androidx-startup"
122-->[androidx.emoji2:emoji2:1.0.0] AndroidManifest.xml:28:13-68
123            android:exported="false" >
123-->[androidx.emoji2:emoji2:1.0.0] AndroidManifest.xml:29:13-37
124            <meta-data
124-->[androidx.emoji2:emoji2:1.0.0] AndroidManifest.xml:31:13-33:52
125                android:name="androidx.emoji2.text.EmojiCompatInitializer"
125-->[androidx.emoji2:emoji2:1.0.0] AndroidManifest.xml:32:17-75
126                android:value="androidx.startup" />
126-->[androidx.emoji2:emoji2:1.0.0] AndroidManifest.xml:33:17-49
127            <meta-data
127-->[androidx.lifecycle:lifecycle-process:2.4.0] AndroidManifest.xml:31:13-33:52
128                android:name="androidx.lifecycle.ProcessLifecycleInitializer"
128-->[androidx.lifecycle:lifecycle-process:2.4.0] AndroidManifest.xml:32:17-78
129                android:value="androidx.startup" />
129-->[androidx.lifecycle:lifecycle-process:2.4.0] AndroidManifest.xml:33:17-49
130        </provider>
131    </application>
132
133</manifest>